<?xml version="1.0" encoding="UTF-8"?>
<testsuite xmlns:xsi="http://www.w3.org/2001/XMLSchema-instance" xsi:noNamespaceSchemaLocation="https://maven.apache.org/surefire/maven-surefire-plugin/xsd/surefire-test-report.xsd" name="s3sdkoci.S3SdkTest" time="147.223" tests="11" errors="0" skipped="0" failures="0">
  <properties>
[...]
</properties>
  <testcase name="testCreateMultipartUpload" classname="s3sdkoci.S3SdkTest" time="84.592"/>
  <testcase name="testListObjects" classname="s3sdkoci.S3SdkTest" time="1.121"/>
  <testcase name="testGenerateUploadPartPresignedUrl" classname="s3sdkoci.S3SdkTest" time="42.478"/>
  <testcase name="testBatchDelete" classname="s3sdkoci.S3SdkTest" time="1.198"/>
  <testcase name="testGenerateGetPresignedUrl" classname="s3sdkoci.S3SdkTest" time="0.014"/>
  <testcase name="testAbortMultipartUpload" classname="s3sdkoci.S3SdkTest" time="6.949"/>
  <testcase name="TestDeleteObject" classname="s3sdkoci.S3SdkTest" time="0.998"/>
  <testcase name="testPutObject" classname="s3sdkoci.S3SdkTest" time="4.101"/>
  <testcase name="testGeneratePutPresignedUrl" classname="s3sdkoci.S3SdkTest" time="3.803"/>
  <testcase name="testHeadObject" classname="s3sdkoci.S3SdkTest" time="0.985"/>
  <testcase name="testGetObject" classname="s3sdkoci.S3SdkTest" time="0.974"/>
</testsuite>